app/build/intermediates/manifest_merge_blame_file/debug/manifest-merger-blame-debug-report.txt
1<?xml version="1.0" encoding="utf-8"?>
2<manifest xmlns:android="http://schemas.android.com/apk/res/android"
3    package="com.abnamro.apps.referenceandroid"
4    android:versionCode="1"
5    android:versionName="1.0" >
6
7    <uses-sdk
8        android:minSdkVersion="22"
8-->src/main/AndroidManifest.xml
9        android:targetSdkVersion="30" />
9-->src/main/AndroidManifest.xml
10
11    <uses-permission android:name="android.permission.INTERNET" />
11-->[com.microsoft.appcenter:appcenter:4.3.1] AndroidManifest.xml:15:5-67
11-->[com.microsoft.appcenter:appcenter:4.3.1] AndroidManifest.xml:15:22-64
12    <uses-permission android:name="android.permission.ACCESS_NETWORK_STATE" />
12-->[com.microsoft.appcenter:appcenter:4.3.1] AndroidManifest.xml:16:5-79
12-->[com.microsoft.appcenter:appcenter:4.3.1] AndroidManifest.xml:16:22-76
13
14    <application
14-->src/main/AndroidManifest.xml:5:5-21:19
15        android:allowBackup="true"
15-->src/main/AndroidManifest.xml:6:13-39
16        android:appComponentFactory="androidx.core.app.CoreComponentFactory"
16-->[androidx.core:core:1.5.0] AndroidManifest.xml:24:18-86
17        android:debuggable="true"
18        android:icon="@mipmap/ic_launcher"
18-->src/main/AndroidManifest.xml:7:13-47
19        android:label="@string/app_name"
19-->src/main/AndroidManifest.xml:8:13-45
20        android:roundIcon="@mipmap/ic_launcher_round"
20-->src/main/AndroidManifest.xml:9:13-58
21        android:supportsRtl="true"
21-->src/main/AndroidManifest.xml:10:13-39
22        android:testOnly="true"
23        android:theme="@style/AppTheme" >
23-->src/main/AndroidManifest.xml:11:13-44
24        <activity
24-->src/main/AndroidManifest.xml:12:9-20:20
25            android:name="com.abnamro.apps.referenceandroid.MainActivity"
25-->src/main/AndroidManifest.xml:13:17-45
26            android:label="@string/app_name"
26-->src/main/AndroidManifest.xml:14:17-49
27            android:theme="@style/AppTheme.NoActionBar" >
27-->src/main/AndroidManifest.xml:15:17-60
28            <intent-filter>
28-->src/main/AndroidManifest.xml:16:13-19:29
29                <action android:name="android.intent.action.MAIN" />
29-->src/main/AndroidManifest.xml:17:17-68
29-->src/main/AndroidManifest.xml:17:25-66
30
31                <category android:name="android.intent.category.LAUNCHER" />
31-->src/main/AndroidManifest.xml:18:17-76
31-->src/main/AndroidManifest.xml:18:27-74
32            </intent-filter>
33        </activity>
34    </application>
35
36</manifest>